<?xml version="1.0" encoding="UTF-8"?>
<testng-results ignored="0" total="1" passed="1" failed="0" skipped="0">
  <reporter-output>
  </reporter-output>
  <suite started-at="2019-06-21T06:15:18Z" name="Default suite" finished-at="2019-06-21T06:15:29Z" duration-ms="10803">
    <groups>
    </groups>
    <test started-at="2019-06-21T06:15:18Z" name="Default test" finished-at="2019-06-21T06:15:29Z" duration-ms="10803">
      <class name="QA.SeleniumWithTestNG2.AppTest">
        <test-method signature="test1()[pri:0, instance:QA.SeleniumWithTestNG2.AppTest@37e547da]" started-at="2019-06-21T06:15:18Z" name="test1" finished-at="2019-06-21T06:15:29Z" duration-ms="10781" status="PASS">
          <reporter-output>
          </reporter-output>
        </test-method> <!-- test1 -->
      </class> <!-- QA.SeleniumWithTestNG2.AppTest -->
    </test> <!-- Default test -->
  </suite> <!-- Default suite -->
</testng-results>
